<?xml version="1.0" encoding="UTF-8"?>
<testsuite name="RectangleUnitTest" tests="2" skipped="0" failures="0" errors="0" timestamp="2015-08-17T17:23:35" hostname="epicodus-115.local" time="0.002">
  <properties/>
  <testcase name="newRectangle_instantiatesCorrectly" classname="RectangleUnitTest" time="0.001"/>
  <testcase name="isSquare_whenNotASquare_false" classname="RectangleUnitTest" time="0.0"/>
  <system-out><![CDATA[]]></system-out>
  <system-err><![CDATA[]]></system-err>
</testsuite>
